<?xml version="1.0" encoding="utf-8"?>
<coverage line-rate="0.5" branch-rate="0.5" lines-covered="1" lines-valid="2" branches-covered="1" branches-valid="2">
  <packages>
    <package name="DearStory.Protocol" line-rate="0.5" branch-rate="0.5" complexity="1">
      <classes>
        <class name="DearStory.Protocol.Sample" filename="Sample.cs" line-rate="0.5" branch-rate="0.5" complexity="1">
          <methods />
          <lines>
            <line number="10" hits="0" branch="True" condition-coverage="0% (0/1)">
              <conditions>
                <condition number="1" type="jump" coverage="0%" />
              </conditions>
            </line>
            <line number="11" hits="1" branch="True" condition-coverage="100% (1/1)">
              <conditions>
                <condition number="2" type="jump" coverage="100%" />
              </conditions>
            </line>
          </lines>
        </class>
      </classes>
    </package>
  </packages>
</coverage>
